{"level":"info","message":"MySQL connected successfully","service":"inspirelens-api-mysql","timestamp":"2025-10-17 11:20:47"}
{"level":"info","message":"MySQL schema initialized successfully","service":"inspirelens-api-mysql","timestamp":"2025-10-17 11:20:49"}
{"level":"info","message":"✅ Server running on port 8080","service":"inspirelens-api-mysql","timestamp":"2025-10-17 11:20:49"}
{"level":"info","message":"🌐 Health check: http://localhost:8080/health","service":"inspirelens-api-mysql","timestamp":"2025-10-17 11:20:49"}
{"code":"ER_BAD_FIELD_ERROR","errno":1054,"level":"error","message":"Check email error: Unknown column 'is_deleted' in 'where clause'","service":"inspirelens-api-mysql","sql":"SELECT COUNT(*) as count FROM users WHERE email = ? AND is_deleted = 0","sqlMessage":"Unknown column 'is_deleted' in 'where clause'","sqlState":"42S22","stack":"Error: Unknown column 'is_deleted' in 'where clause'\n    at PromisePool.execute (/Users/sathiya/Documents/InspireStackDevelopment/stack_server/node_modules/mysql2/lib/promise/pool.js:54:22)\n    at /Users/sathiya/Documents/InspireStackDevelopment/stack_server/routes/auth.js:204:30\n    at Layer.handleRequest (/Users/sathiya/Documents/InspireStackDevelopment/stack_server/node_modules/router/lib/layer.js:152:17)\n    at next (/Users/sathiya/Documents/InspireStackDevelopment/stack_server/node_modules/router/lib/route.js:157:13)\n    at Route.dispatch (/Users/sathiya/Documents/InspireStackDevelopment/stack_server/node_modules/router/lib/route.js:117:3)\n    at handle (/Users/sathiya/Documents/InspireStackDevelopment/stack_server/node_modules/router/index.js:435:11)\n    at Layer.handleRequest (/Users/sathiya/Documents/InspireStackDevelopment/stack_server/node_modules/router/lib/layer.js:152:17)\n    at /Users/sathiya/Documents/InspireStackDevelopment/stack_server/node_modules/router/index.js:295:15\n    at processParams (/Users/sathiya/Documents/InspireStackDevelopment/stack_server/node_modules/router/index.js:582:12)\n    at next (/Users/sathiya/Documents/InspireStackDevelopment/stack_server/node_modules/router/index.js:291:5)","timestamp":"2025-10-17 11:21:23"}
{"level":"info","message":"MySQL connected successfully","service":"inspirelens-api-mysql","timestamp":"2025-10-17 11:22:10"}
{"level":"info","message":"MySQL schema initialized successfully","service":"inspirelens-api-mysql","timestamp":"2025-10-17 11:22:10"}
{"level":"info","message":"✅ Server running on port 8080","service":"inspirelens-api-mysql","timestamp":"2025-10-17 11:22:10"}
{"level":"info","message":"🌐 Health check: http://localhost:8080/health","service":"inspirelens-api-mysql","timestamp":"2025-10-17 11:22:10"}
{"code":"ER_BAD_FIELD_ERROR","errno":1054,"level":"error","message":"Check email error: Unknown column 'deleted' in 'where clause'","service":"inspirelens-api-mysql","sql":"SELECT COUNT(*) as count FROM users WHERE email = ? AND deleted = 0","sqlMessage":"Unknown column 'deleted' in 'where clause'","sqlState":"42S22","stack":"Error: Unknown column 'deleted' in 'where clause'\n    at PromisePool.execute (/Users/sathiya/Documents/InspireStackDevelopment/stack_server/node_modules/mysql2/lib/promise/pool.js:54:22)\n    at /Users/sathiya/Documents/InspireStackDevelopment/stack_server/routes/auth.js:204:30\n    at Layer.handleRequest (/Users/sathiya/Documents/InspireStackDevelopment/stack_server/node_modules/router/lib/layer.js:152:17)\n    at next (/Users/sathiya/Documents/InspireStackDevelopment/stack_server/node_modules/router/lib/route.js:157:13)\n    at Route.dispatch (/Users/sathiya/Documents/InspireStackDevelopment/stack_server/node_modules/router/lib/route.js:117:3)\n    at handle (/Users/sathiya/Documents/InspireStackDevelopment/stack_server/node_modules/router/index.js:435:11)\n    at Layer.handleRequest (/Users/sathiya/Documents/InspireStackDevelopment/stack_server/node_modules/router/lib/layer.js:152:17)\n    at /Users/sathiya/Documents/InspireStackDevelopment/stack_server/node_modules/router/index.js:295:15\n    at processParams (/Users/sathiya/Documents/InspireStackDevelopment/stack_server/node_modules/router/index.js:582:12)\n    at next (/Users/sathiya/Documents/InspireStackDevelopment/stack_server/node_modules/router/index.js:291:5)","timestamp":"2025-10-17 11:25:23"}
{"level":"info","message":"MySQL connected successfully","service":"inspirelens-api-mysql","timestamp":"2025-10-17 11:28:09"}
{"level":"info","message":"MySQL schema initialized successfully","service":"inspirelens-api-mysql","timestamp":"2025-10-17 11:28:09"}
{"level":"info","message":"✅ Server running on port 8080","service":"inspirelens-api-mysql","timestamp":"2025-10-17 11:28:09"}
{"level":"info","message":"🌐 Health check: http://localhost:8080/health","service":"inspirelens-api-mysql","timestamp":"2025-10-17 11:28:09"}
{"level":"info","message":"MySQL connected successfully","service":"inspirelens-api-mysql","timestamp":"2025-10-17 11:28:10"}
{"level":"info","message":"MySQL schema initialized successfully","service":"inspirelens-api-mysql","timestamp":"2025-10-17 11:28:10"}
{"level":"info","message":"✅ Server running on port 8080","service":"inspirelens-api-mysql","timestamp":"2025-10-17 11:28:10"}
{"level":"info","message":"🌐 Health check: http://localhost:8080/health","service":"inspirelens-api-mysql","timestamp":"2025-10-17 11:28:10"}
{"email":"shamskavi03@gmail.com","level":"info","message":"Signup attempt:","password":"Sham@1234","service":"inspirelens-api-mysql","timestamp":"2025-10-17 11:28:59","username":"sham"}
{"code":"ER_BAD_FIELD_ERROR","errno":1054,"level":"error","message":"Signup error: Unknown column 'first_name' in 'field list'","service":"inspirelens-api-mysql","sql":"INSERT INTO users (username, first_name, email, password, user_type) VALUES (?, ?, ?, ?, ?)","sqlMessage":"Unknown column 'first_name' in 'field list'","sqlState":"42S22","stack":"Error: Unknown column 'first_name' in 'field list'\n    at PromisePool.execute (/Users/sathiya/Documents/InspireStackDevelopment/stack_server/node_modules/mysql2/lib/promise/pool.js:54:22)\n    at /Users/sathiya/Documents/InspireStackDevelopment/stack_server/routes/auth.js:58:31","timestamp":"2025-10-17 11:29:00"}
{"level":"info","message":"MySQL connected successfully","service":"inspirelens-api-mysql","timestamp":"2025-10-17 11:31:54"}
{"level":"info","message":"MySQL schema initialized successfully","service":"inspirelens-api-mysql","timestamp":"2025-10-17 11:31:54"}
{"level":"info","message":"✅ Server running on port 8080","service":"inspirelens-api-mysql","timestamp":"2025-10-17 11:31:54"}
{"level":"info","message":"🌐 Health check: http://localhost:8080/health","service":"inspirelens-api-mysql","timestamp":"2025-10-17 11:31:54"}
{"email":"sham23@gmail.com","level":"info","message":"Signup attempt:","password":"Sham@1234","service":"inspirelens-api-mysql","timestamp":"2025-10-17 11:33:03","username":"sham"}
{"level":"info","message":"User created: sham23@gmail.com","service":"inspirelens-api-mysql","timestamp":"2025-10-17 11:33:04"}
{"level":"info","message":"MySQL connected successfully","service":"inspirelens-api-mysql","timestamp":"2025-10-17 11:43:52"}
{"level":"info","message":"MySQL schema initialized successfully","service":"inspirelens-api-mysql","timestamp":"2025-10-17 11:43:52"}
{"level":"info","message":"✅ Server running on port 8080","service":"inspirelens-api-mysql","timestamp":"2025-10-17 11:43:52"}
{"level":"info","message":"🌐 Health check: http://localhost:8080/health","service":"inspirelens-api-mysql","timestamp":"2025-10-17 11:43:52"}
{"level":"info","message":"MySQL connected successfully","service":"inspirelens-api-mysql","timestamp":"2025-10-17 11:44:35"}
{"level":"info","message":"MySQL schema initialized successfully","service":"inspirelens-api-mysql","timestamp":"2025-10-17 11:44:35"}
{"level":"info","message":"✅ Server running on port 8080","service":"inspirelens-api-mysql","timestamp":"2025-10-17 11:44:35"}
{"level":"info","message":"🌐 Health check: http://localhost:8080/health","service":"inspirelens-api-mysql","timestamp":"2025-10-17 11:44:35"}
{"level":"info","message":"MySQL connected successfully","service":"inspirelens-api-mysql","timestamp":"2025-10-17 11:45:27"}
{"level":"info","message":"MySQL schema initialized successfully","service":"inspirelens-api-mysql","timestamp":"2025-10-17 11:45:27"}
{"level":"info","message":"✅ Server running on port 8080","service":"inspirelens-api-mysql","timestamp":"2025-10-17 11:45:27"}
{"level":"info","message":"🌐 Health check: http://localhost:8080/health","service":"inspirelens-api-mysql","timestamp":"2025-10-17 11:45:27"}
{"level":"info","message":"MySQL connected successfully","service":"inspirelens-api-mysql","timestamp":"2025-10-17 11:54:19"}
{"level":"info","message":"MySQL schema initialized successfully","service":"inspirelens-api-mysql","timestamp":"2025-10-17 11:54:20"}
{"level":"info","message":"✅ Server running on port 8080","service":"inspirelens-api-mysql","timestamp":"2025-10-17 11:54:20"}
{"level":"info","message":"🌐 Health check: http://localhost:8080/health","service":"inspirelens-api-mysql","timestamp":"2025-10-17 11:54:20"}
{"level":"info","message":"Google OAuth attempt:","service":"inspirelens-api-mysql","timestamp":"2025-10-17 12:35:14","token":"eyJhbGciOiJSUzI1NiIsImtpZCI6ImZiOWY5MzcxZDU3NTVmM2UzODNhNDBhYjNhMTcyY2Q4YmFjYTUxN2YiLCJ0eXAiOiJKV1QifQ.eyJpc3MiOiJodHRwczovL2FjY291bnRzLmdvb2dsZS5jb20iLCJhenAiOiI5NDI1ODk3NDgyNDUtaHZycGNrb21icGQzYnNua25wNDZmbHRncGlsbmIxNGIuYXBwcy5nb29nbGV1c2VyY29udGVudC5jb20iLCJhdWQiOiI5NDI1ODk3NDgyNDUtaHZycGNrb21icGQzYnNua25wNDZmbHRncGlsbmIxNGIuYXBwcy5nb29nbGV1c2VyY29udGVudC5jb20iLCJzdWIiOiIxMTA1MzUxNzQxNjYyMjM1NDkwNzAiLCJlbWFpbCI6InNoYW0wM3Vwc3ByaW5nQGdtYWlsLmNvbSIsImVtYWlsX3ZlcmlmaWVkIjp0cnVlLCJuYmYiOjE3NjA2ODQ0MTMsIm5hbWUiOiJTaGFtIiwicGljdHVyZSI6Imh0dHBzOi8vbGgzLmdvb2dsZXVzZXJjb250ZW50LmNvbS9hL0FDZzhvY0tGVnZsLXpEUmhwb2tmelRyQmZkVEVZNXhCQmVzNG15S1NWN1dPc2xmME5fX1hCUT1zOTYtYyIsImdpdmVuX25hbWUiOiJTaGFtIiwiaWF0IjoxNzYwNjg0NzEzLCJleHAiOjE3NjA2ODgzMTMsImp0aSI6IjcwMDliMThlMTU4ZmFiNzk2MGIyOTlkMWZjYTE1Y2U5YTI0MDYxZmQifQ.hz8rWuw8d8NmMWK3hs8pfdTCu89_5fjaz1Mn0jQThsl4An23eqyges1CKNybyJXwMmea50Qrl0BwiRHLISeZyGIVrnl-F5Rfu_vKinjJTCdUZCCwWKVS_HxekIpXfE128xIiTYuwjlCDyeHfabTxbytbNwyyhJc4p4p6UIlWQ6KfTU48CZ2ZqGNt4L8sFw5qnUVoq6d_ZOgi8nVbrgJGU2iHZcc_kSuROVZHI4Gm4b5r750aylgj9Vd6EX3JPWs5s-MAJOfGZaohGmChjDr6zBwZEtQTC_D-UWMCECW7zKJ5qQttqaQL-y3Bs93j0rb0_VJxrc61OGUaP9VfotUrRA"}
{"level":"info","message":"Google OAuth attempt:","service":"inspirelens-api-mysql","timestamp":"2025-10-17 12:42:34","token":"eyJhbGciOiJSUzI1NiIsImtpZCI6ImZiOWY5MzcxZDU3NTVmM2UzODNhNDBhYjNhMTcyY2Q4YmFjYTUxN2YiLCJ0eXAiOiJKV1QifQ.eyJpc3MiOiJodHRwczovL2FjY291bnRzLmdvb2dsZS5jb20iLCJhenAiOiI5NDI1ODk3NDgyNDUtaHZycGNrb21icGQzYnNua25wNDZmbHRncGlsbmIxNGIuYXBwcy5nb29nbGV1c2VyY29udGVudC5jb20iLCJhdWQiOiI5NDI1ODk3NDgyNDUtaHZycGNrb21icGQzYnNua25wNDZmbHRncGlsbmIxNGIuYXBwcy5nb29nbGV1c2VyY29udGVudC5jb20iLCJzdWIiOiIxMTA1MzUxNzQxNjYyMjM1NDkwNzAiLCJlbWFpbCI6InNoYW0wM3Vwc3ByaW5nQGdtYWlsLmNvbSIsImVtYWlsX3ZlcmlmaWVkIjp0cnVlLCJuYmYiOjE3NjA2ODQ4NTMsIm5hbWUiOiJTaGFtIiwicGljdHVyZSI6Imh0dHBzOi8vbGgzLmdvb2dsZXVzZXJjb250ZW50LmNvbS9hL0FDZzhvY0tGVnZsLXpEUmhwb2tmelRyQmZkVEVZNXhCQmVzNG15S1NWN1dPc2xmME5fX1hCUT1zOTYtYyIsImdpdmVuX25hbWUiOiJTaGFtIiwiaWF0IjoxNzYwNjg1MTUzLCJleHAiOjE3NjA2ODg3NTMsImp0aSI6IjI2MmRjYjY0MDdhNjAwZWJiOTg0ODY0N2JkNDMwZTdhOTEzN2Q5ODgifQ.XtR3kbJKstqkBYq51wvp1G0DfWptqgguh67EQL2x2LhuSQ1BP4wRGBEpuEIiL1WGCI3ECtyo2nbiXStMA6NsWo-24IFkX-NLYjNk6Ij08GGhbgW6BjQFpJwamvQAzDf51uIoMpyieTEbeRVa-Gf5HngRY0SoxR0RIkaOryr6JySyKonHl4LKrpEflooRFlj-ZrBNuGJJNW364cgvifUEbAQ-E8rsR5G5ycG6F45F6xlufBCBfDNtbaBl3bL2tL-VkwToug69ejXbJRt-tOH1a3Ti3kuSDJZJjivUbLuHHJhPFIE3l3Q43ICS_T1F2Z5IwSCgBgSfg6_j0YKpYx99OQ"}
{"level":"info","message":"MySQL connected successfully","service":"inspirelens-api-mysql","timestamp":"2025-10-17 12:57:25"}
{"level":"info","message":"MySQL schema initialized successfully","service":"inspirelens-api-mysql","timestamp":"2025-10-17 12:57:25"}
{"level":"info","message":"✅ Server running on port 8080","service":"inspirelens-api-mysql","timestamp":"2025-10-17 12:57:25"}
{"level":"info","message":"🌐 Health check: http://localhost:8080/health","service":"inspirelens-api-mysql","timestamp":"2025-10-17 12:57:25"}
{"level":"info","message":"User logged in: sham23@gmail.com","service":"inspirelens-api-mysql","timestamp":"2025-10-17 12:57:32"}
{"level":"warn","message":"404 - Route not found: GET /","service":"inspirelens-api-mysql","timestamp":"2025-10-17 13:05:32"}
{"level":"warn","message":"404 - Route not found: GET /sw.js","service":"inspirelens-api-mysql","timestamp":"2025-10-17 13:05:33"}
{"level":"info","message":"Google OAuth attempt:","service":"inspirelens-api-mysql","timestamp":"2025-10-17 13:22:16","token":"eyJhbGciOiJSUzI1NiIsImtpZCI6ImZiOWY5MzcxZDU3NTVmM2UzODNhNDBhYjNhMTcyY2Q4YmFjYTUxN2YiLCJ0eXAiOiJKV1QifQ.eyJpc3MiOiJodHRwczovL2FjY291bnRzLmdvb2dsZS5jb20iLCJhenAiOiI5NDI1ODk3NDgyNDUtaHZycGNrb21icGQzYnNua25wNDZmbHRncGlsbmIxNGIuYXBwcy5nb29nbGV1c2VyY29udGVudC5jb20iLCJhdWQiOiI5NDI1ODk3NDgyNDUtaHZycGNrb21icGQzYnNua25wNDZmbHRncGlsbmIxNGIuYXBwcy5nb29nbGV1c2VyY29udGVudC5jb20iLCJzdWIiOiIxMTgxMTQ4NTEzMzE2Mjc1NDMzMTYiLCJlbWFpbCI6InNoYW1za2F2aTAzQGdtYWlsLmNvbSIsImVtYWlsX3ZlcmlmaWVkIjp0cnVlLCJuYmYiOjE3NjA2ODcyMzUsIm5hbWUiOiJTaGFtIFNlbnRoaWxrdW1hciIsInBpY3R1cmUiOiJodHRwczovL2xoMy5nb29nbGV1c2VyY29udGVudC5jb20vYS9BQ2c4b2NJelFudDdMSHpQSHFVWmFicXR5TFBocWU3RE1DSXdxdUdtSUdVX3RRWHlKaHdsbndJSz1zOTYtYyIsImdpdmVuX25hbWUiOiJTaGFtIiwiZmFtaWx5X25hbWUiOiJTZW50aGlsa3VtYXIiLCJpYXQiOjE3NjA2ODc1MzUsImV4cCI6MTc2MDY5MTEzNSwianRpIjoiYjhhOTIyOTNkYjdjYWUzYmViMWU4MzhmOTcxMDU4ZDgyN2VhNmY2NyJ9.gwgPnlPkm_Ivxz0fn4DhAWaoOsKqqm2Cqq407fHoZHnhYuI6x_GQLK8v7F5aEo2V6bV6cyBhT99Az3c7C71WvLw3YnIL_vTLLPsuxQmtyUS-FbKl7FmWSpM45MB0fLexoD1sYoJcov4XjW6_yOoEDXfLoP4bLyXwkRCoyqskQ6kjFWtWWmINLy_ksYpv6-ApCHX9w9a7KHnwDfCLJcg4M6dqQ5d6-uEXcRAFdAaQ_No5Si0vdJJvLeIS5_dwj_ERnPyJ5s-YRLTQLL3iZm0jIzfqzRlHcI0NZ-pHwuyeQY3dKWSS7kgaw3nbUPdNDThEutvR4p7EoSNAeBaV9LZDgg"}
{"level":"info","message":"MySQL connected successfully","service":"inspirelens-api-mysql","timestamp":"2025-10-17 15:29:11"}
{"level":"info","message":"MySQL schema initialized successfully","service":"inspirelens-api-mysql","timestamp":"2025-10-17 15:29:11"}
{"level":"info","message":"✅ Server running on port 8080","service":"inspirelens-api-mysql","timestamp":"2025-10-17 15:29:11"}
{"level":"info","message":"🌐 Health check: http://localhost:8080/health","service":"inspirelens-api-mysql","timestamp":"2025-10-17 15:29:11"}
{"level":"info","message":"MySQL connected successfully","service":"inspirelens-api-mysql","timestamp":"2025-10-17 15:29:12"}
{"level":"info","message":"MySQL schema initialized successfully","service":"inspirelens-api-mysql","timestamp":"2025-10-17 15:29:13"}
{"level":"info","message":"✅ Server running on port 8080","service":"inspirelens-api-mysql","timestamp":"2025-10-17 15:29:13"}
{"level":"info","message":"🌐 Health check: http://localhost:8080/health","service":"inspirelens-api-mysql","timestamp":"2025-10-17 15:29:13"}
{"level":"info","message":"MySQL connected successfully","service":"inspirelens-api-mysql","timestamp":"2025-10-17 15:29:15"}
{"level":"info","message":"MySQL schema initialized successfully","service":"inspirelens-api-mysql","timestamp":"2025-10-17 15:29:15"}
{"level":"info","message":"✅ Server running on port 8080","service":"inspirelens-api-mysql","timestamp":"2025-10-17 15:29:15"}
{"level":"info","message":"🌐 Health check: http://localhost:8080/health","service":"inspirelens-api-mysql","timestamp":"2025-10-17 15:29:15"}
{"level":"info","message":"MySQL connected successfully","service":"inspirelens-api-mysql","timestamp":"2025-10-17 15:33:19"}
{"level":"info","message":"MySQL schema initialized successfully","service":"inspirelens-api-mysql","timestamp":"2025-10-17 15:33:19"}
{"level":"info","message":"✅ Server running on port 8080","service":"inspirelens-api-mysql","timestamp":"2025-10-17 15:33:19"}
{"level":"info","message":"🌐 Health check: http://localhost:8080/health","service":"inspirelens-api-mysql","timestamp":"2025-10-17 15:33:19"}
{"level":"info","message":"MySQL connected successfully","service":"inspirelens-api-mysql","timestamp":"2025-10-18 09:47:55"}
{"level":"info","message":"MySQL schema initialized successfully","service":"inspirelens-api-mysql","timestamp":"2025-10-18 09:47:55"}
{"level":"info","message":"✅ Server running on port 8080","service":"inspirelens-api-mysql","timestamp":"2025-10-18 09:47:55"}
{"level":"info","message":"🌐 Health check: http://localhost:8080/health","service":"inspirelens-api-mysql","timestamp":"2025-10-18 09:47:55"}
{"level":"warn","message":"404 - Route not found: GET /sw.js","service":"inspirelens-api-mysql","timestamp":"2025-10-18 09:54:27"}
{"level":"warn","message":"404 - Route not found: GET /favicon.ico","service":"inspirelens-api-mysql","timestamp":"2025-10-18 09:54:27"}
{"level":"warn","message":"404 - Route not found: GET /sw.js","service":"inspirelens-api-mysql","timestamp":"2025-10-18 09:54:29"}
{"level":"warn","message":"404 - Route not found: GET /sw.js","service":"inspirelens-api-mysql","timestamp":"2025-10-18 09:54:58"}
{"level":"info","message":"MySQL connected successfully","service":"inspirelens-api-mysql","timestamp":"2025-10-18 10:51:00"}
{"level":"info","message":"MySQL schema initialized successfully","service":"inspirelens-api-mysql","timestamp":"2025-10-18 10:51:00"}
{"level":"info","message":"✅ Server running on port 8080","service":"inspirelens-api-mysql","timestamp":"2025-10-18 10:51:00"}
{"level":"info","message":"🌐 Health check: http://localhost:8080/health","service":"inspirelens-api-mysql","timestamp":"2025-10-18 10:51:00"}
{"level":"info","message":"MySQL connected successfully","service":"inspirelens-api-mysql","timestamp":"2025-10-18 11:10:53"}
{"level":"info","message":"MySQL schema initialized successfully","service":"inspirelens-api-mysql","timestamp":"2025-10-18 11:10:53"}
{"level":"info","message":"✅ Server running on port 8080","service":"inspirelens-api-mysql","timestamp":"2025-10-18 11:10:53"}
{"level":"info","message":"🌐 Health check: http://localhost:8080/health","service":"inspirelens-api-mysql","timestamp":"2025-10-18 11:10:53"}
{"level":"info","message":"MySQL connected successfully","service":"inspirelens-api-mysql","timestamp":"2025-10-18 11:22:42"}
{"level":"info","message":"MySQL schema initialized successfully","service":"inspirelens-api-mysql","timestamp":"2025-10-18 11:22:42"}
{"level":"info","message":"✅ Server running on port 8080","service":"inspirelens-api-mysql","timestamp":"2025-10-18 11:22:42"}
{"level":"info","message":"🌐 Health check: http://localhost:8080/health","service":"inspirelens-api-mysql","timestamp":"2025-10-18 11:22:42"}
{"level":"warn","message":"404 - Route not found: GET /sw.js","service":"inspirelens-api-mysql","timestamp":"2025-10-18 11:26:13"}
{"level":"warn","message":"404 - Route not found: GET /sw.js","service":"inspirelens-api-mysql","timestamp":"2025-10-18 11:26:17"}
{"level":"warn","message":"404 - Route not found: GET /sw.js","service":"inspirelens-api-mysql","timestamp":"2025-10-18 11:26:22"}
{"level":"warn","message":"404 - Route not found: GET /sw.js","service":"inspirelens-api-mysql","timestamp":"2025-10-18 11:26:23"}
{"level":"warn","message":"404 - Route not found: GET /sw.js","service":"inspirelens-api-mysql","timestamp":"2025-10-18 11:26:25"}
{"level":"warn","message":"404 - Route not found: GET /sw.js","service":"inspirelens-api-mysql","timestamp":"2025-10-18 11:26:30"}
{"level":"warn","message":"404 - Route not found: GET /sw.js","service":"inspirelens-api-mysql","timestamp":"2025-10-18 11:26:31"}
{"level":"warn","message":"404 - Route not found: GET /sw.js","service":"inspirelens-api-mysql","timestamp":"2025-10-18 11:26:31"}
{"level":"warn","message":"404 - Route not found: GET /sw.js","service":"inspirelens-api-mysql","timestamp":"2025-10-18 11:26:33"}
{"level":"info","message":"MySQL connected successfully","service":"inspirelens-api-mysql","timestamp":"2025-10-18 11:31:14"}
{"level":"info","message":"MySQL schema initialized successfully","service":"inspirelens-api-mysql","timestamp":"2025-10-18 11:31:14"}
{"level":"info","message":"✅ Server running on port 8080","service":"inspirelens-api-mysql","timestamp":"2025-10-18 11:31:14"}
{"level":"info","message":"🌐 Health check: http://localhost:8080/health","service":"inspirelens-api-mysql","timestamp":"2025-10-18 11:31:14"}
{"level":"info","message":"MySQL connected successfully","service":"inspirelens-api-mysql","timestamp":"2025-10-18 14:01:46"}
{"level":"info","message":"MySQL schema initialized successfully","service":"inspirelens-api-mysql","timestamp":"2025-10-18 14:01:46"}
{"level":"info","message":"✅ Server running on port 8080","service":"inspirelens-api-mysql","timestamp":"2025-10-18 14:01:46"}
{"level":"info","message":"🌐 Health check: http://localhost:8080/health","service":"inspirelens-api-mysql","timestamp":"2025-10-18 14:01:46"}
{"code":"ER_PARSE_ERROR","errno":1064,"level":"error","message":"Error fetching all posts: You have an error in your SQL syntax; check the manual that corresponds to your MySQL server version for the right syntax to use near '' at line 1","service":"inspirelens-api-mysql","sql":"\n      WITH unified_content AS( SELECT 'quote' AS type, id, quote AS content, author, created_at, NULL AS summary, category_id, user_id, NULL AS url FROM quotes WHERE is_deleted = 0 UNION ALL SELECT 'article', id, title, NULL, created_at, NULL, category_id, user_id, url FROM articles WHERE is_deleted = 0 UNION ALL SELECT 'book', id, title, author, created_at, summary, category_id, user_id, url FROM books WHERE is_deleted = 0 UNION ALL SELECT 'video', id, title, NULL, created_at, NULL, category_id, user_id, url FROM videos WHERE is_deleted = 0 UNION ALL SELECT 'aiprompt', id, prompt, NULL, created_at, NULL, category_id, user_id, NULL FROM aiprompts WHERE is_deleted = 0), unified_tags AS ( SELECT 'quote' AS type, quote_id AS content_id, tag_id FROM quote_tags UNION ALL SELECT 'aiprompt', aiprompt_id, tag_id FROM aiprompt_tags UNION ALL SELECT 'book', book_id, tag_id FROM book_tags UNION ALL SELECT 'video', video_id, tag_id FROM video_tags UNION ALL SELECT 'article', article_id, tag_id FROM article_tags ) SELECT c.type, c.id, c.content, c.author, c.created_at, c.summary, cat.name AS category_name, u.username, c.url, -- Tags ( SELECT JSON_ARRAYAGG(t.name) FROM unified_tags ut JOIN tags t ON t.id = ut.tag_id WHERE ut.type = c.type AND ut.content_id = c.id ) AS tags, -- Comments ( SELECT JSON_ARRAYAGG( JSON_OBJECT( 'id', cm.id, 'username', u2.username, 'comment', cm.comment, 'created_at', cm.created_at ) ) FROM comments cm JOIN users u2 ON u2.id = cm.user_id WHERE cm.post_type = c.type AND cm.post_id = c.id AND cm.is_deleted = 0 ) AS comments, -- Votes (points) ( SELECT JSON_ARRAYAGG( JSON_OBJECT( 'id', v.id, 'user_id', u3.id, 'username', u3.username, 'vote_type', v.vote_type, 'created_at', v.created_at ) ) FROM votes v JOIN users u3 ON u3.id = v.user_id WHERE v.post_type = c.type AND v.post_id = c.id AND v.is_deleted = 0 ) AS points, -- Total counts for each type (scalar subqueries) (SELECT COUNT(*) FROM quotes WHERE is_deleted = 0) AS quote_count, (SELECT COUNT(*) FROM books WHERE is_deleted = 0) AS book_count, (SELECT COUNT(*) FROM articles WHERE is_deleted = 0) AS article_count, (SELECT COUNT(*) FROM aiprompts WHERE is_deleted = 0) AS aiprompt_count, (SELECT COUNT(*) FROM videos WHERE is_deleted = 0) AS video_count FROM unified_content c LEFT JOIN categories cat ON cat.id = c.category_id LEFT JOIN users u ON u.id = c.user_id ORDER BY RAND() LIMIT 10; \n    ","sqlMessage":"You have an error in your SQL syntax; check the manual that corresponds to your MySQL server version for the right syntax to use near '' at line 1","sqlState":"42000","stack":"Error: You have an error in your SQL syntax; check the manual that corresponds to your MySQL server version for the right syntax to use near '' at line 1\n    at PromisePool.execute (/Users/sathiya/Documents/InspireStackDevelopment/stack_server/node_modules/mysql2/lib/promise/pool.js:54:22)\n    at /Users/sathiya/Documents/InspireStackDevelopment/stack_server/routes/allpost.js:13:30\n    at Layer.handleRequest (/Users/sathiya/Documents/InspireStackDevelopment/stack_server/node_modules/router/lib/layer.js:152:17)\n    at next (/Users/sathiya/Documents/InspireStackDevelopment/stack_server/node_modules/router/lib/route.js:157:13)\n    at authenticateToken (/Users/sathiya/Documents/InspireStackDevelopment/stack_server/middleware/auth.js:14:5)\n    at Layer.handleRequest (/Users/sathiya/Documents/InspireStackDevelopment/stack_server/node_modules/router/lib/layer.js:152:17)\n    at next (/Users/sathiya/Documents/InspireStackDevelopment/stack_server/node_modules/router/lib/route.js:157:13)\n    at Route.dispatch (/Users/sathiya/Documents/InspireStackDevelopment/stack_server/node_modules/router/lib/route.js:117:3)\n    at handle (/Users/sathiya/Documents/InspireStackDevelopment/stack_server/node_modules/router/index.js:435:11)\n    at Layer.handleRequest (/Users/sathiya/Documents/InspireStackDevelopment/stack_server/node_modules/router/lib/layer.js:152:17)","timestamp":"2025-10-18 14:05:00"}
{"code":"ER_PARSE_ERROR","errno":1064,"level":"error","message":"Error fetching all posts: You have an error in your SQL syntax; check the manual that corresponds to your MySQL server version for the right syntax to use near '' at line 1","service":"inspirelens-api-mysql","sql":"\n      WITH unified_content AS( SELECT 'quote' AS type, id, quote AS content, author, created_at, NULL AS summary, category_id, user_id, NULL AS url FROM quotes WHERE is_deleted = 0 UNION ALL SELECT 'article', id, title, NULL, created_at, NULL, category_id, user_id, url FROM articles WHERE is_deleted = 0 UNION ALL SELECT 'book', id, title, author, created_at, summary, category_id, user_id, url FROM books WHERE is_deleted = 0 UNION ALL SELECT 'video', id, title, NULL, created_at, NULL, category_id, user_id, url FROM videos WHERE is_deleted = 0 UNION ALL SELECT 'aiprompt', id, prompt, NULL, created_at, NULL, category_id, user_id, NULL FROM aiprompts WHERE is_deleted = 0), unified_tags AS ( SELECT 'quote' AS type, quote_id AS content_id, tag_id FROM quote_tags UNION ALL SELECT 'aiprompt', aiprompt_id, tag_id FROM aiprompt_tags UNION ALL SELECT 'book', book_id, tag_id FROM book_tags UNION ALL SELECT 'video', video_id, tag_id FROM video_tags UNION ALL SELECT 'article', article_id, tag_id FROM article_tags ) SELECT c.type, c.id, c.content, c.author, c.created_at, c.summary, cat.name AS category_name, u.username, c.url, -- Tags ( SELECT JSON_ARRAYAGG(t.name) FROM unified_tags ut JOIN tags t ON t.id = ut.tag_id WHERE ut.type = c.type AND ut.content_id = c.id ) AS tags, -- Comments ( SELECT JSON_ARRAYAGG( JSON_OBJECT( 'id', cm.id, 'username', u2.username, 'comment', cm.comment, 'created_at', cm.created_at ) ) FROM comments cm JOIN users u2 ON u2.id = cm.user_id WHERE cm.post_type = c.type AND cm.post_id = c.id AND cm.is_deleted = 0 ) AS comments, -- Votes (points) ( SELECT JSON_ARRAYAGG( JSON_OBJECT( 'id', v.id, 'user_id', u3.id, 'username', u3.username, 'vote_type', v.vote_type, 'created_at', v.created_at ) ) FROM votes v JOIN users u3 ON u3.id = v.user_id WHERE v.post_type = c.type AND v.post_id = c.id AND v.is_deleted = 0 ) AS points, -- Total counts for each type (scalar subqueries) (SELECT COUNT(*) FROM quotes WHERE is_deleted = 0) AS quote_count, (SELECT COUNT(*) FROM books WHERE is_deleted = 0) AS book_count, (SELECT COUNT(*) FROM articles WHERE is_deleted = 0) AS article_count, (SELECT COUNT(*) FROM aiprompts WHERE is_deleted = 0) AS aiprompt_count, (SELECT COUNT(*) FROM videos WHERE is_deleted = 0) AS video_count FROM unified_content c LEFT JOIN categories cat ON cat.id = c.category_id LEFT JOIN users u ON u.id = c.user_id ORDER BY RAND() LIMIT 10; \n    ","sqlMessage":"You have an error in your SQL syntax; check the manual that corresponds to your MySQL server version for the right syntax to use near '' at line 1","sqlState":"42000","stack":"Error: You have an error in your SQL syntax; check the manual that corresponds to your MySQL server version for the right syntax to use near '' at line 1\n    at PromisePool.execute (/Users/sathiya/Documents/InspireStackDevelopment/stack_server/node_modules/mysql2/lib/promise/pool.js:54:22)\n    at /Users/sathiya/Documents/InspireStackDevelopment/stack_server/routes/allpost.js:13:30\n    at Layer.handleRequest (/Users/sathiya/Documents/InspireStackDevelopment/stack_server/node_modules/router/lib/layer.js:152:17)\n    at next (/Users/sathiya/Documents/InspireStackDevelopment/stack_server/node_modules/router/lib/route.js:157:13)\n    at authenticateToken (/Users/sathiya/Documents/InspireStackDevelopment/stack_server/middleware/auth.js:14:5)\n    at Layer.handleRequest (/Users/sathiya/Documents/InspireStackDevelopment/stack_server/node_modules/router/lib/layer.js:152:17)\n    at next (/Users/sathiya/Documents/InspireStackDevelopment/stack_server/node_modules/router/lib/route.js:157:13)\n    at Route.dispatch (/Users/sathiya/Documents/InspireStackDevelopment/stack_server/node_modules/router/lib/route.js:117:3)\n    at handle (/Users/sathiya/Documents/InspireStackDevelopment/stack_server/node_modules/router/index.js:435:11)\n    at Layer.handleRequest (/Users/sathiya/Documents/InspireStackDevelopment/stack_server/node_modules/router/lib/layer.js:152:17)","timestamp":"2025-10-18 14:08:38"}
{"code":"ER_PARSE_ERROR","errno":1064,"level":"error","message":"Error fetching all posts: You have an error in your SQL syntax; check the manual that corresponds to your MySQL server version for the right syntax to use near '' at line 1","service":"inspirelens-api-mysql","sql":"\n      WITH unified_content AS( SELECT 'quote' AS type, id, quote AS content, author, created_at, NULL AS summary, category_id, user_id, NULL AS url FROM quotes WHERE is_deleted = 0 UNION ALL SELECT 'article', id, title, NULL, created_at, NULL, category_id, user_id, url FROM articles WHERE is_deleted = 0 UNION ALL SELECT 'book', id, title, author, created_at, summary, category_id, user_id, url FROM books WHERE is_deleted = 0 UNION ALL SELECT 'video', id, title, NULL, created_at, NULL, category_id, user_id, url FROM videos WHERE is_deleted = 0 UNION ALL SELECT 'aiprompt', id, prompt, NULL, created_at, NULL, category_id, user_id, NULL FROM aiprompts WHERE is_deleted = 0), unified_tags AS ( SELECT 'quote' AS type, quote_id AS content_id, tag_id FROM quote_tags UNION ALL SELECT 'aiprompt', aiprompt_id, tag_id FROM aiprompt_tags UNION ALL SELECT 'book', book_id, tag_id FROM book_tags UNION ALL SELECT 'video', video_id, tag_id FROM video_tags UNION ALL SELECT 'article', article_id, tag_id FROM article_tags ) SELECT c.type, c.id, c.content, c.author, c.created_at, c.summary, cat.name AS category_name, u.username, c.url, -- Tags ( SELECT JSON_ARRAYAGG(t.name) FROM unified_tags ut JOIN tags t ON t.id = ut.tag_id WHERE ut.type = c.type AND ut.content_id = c.id ) AS tags, -- Comments ( SELECT JSON_ARRAYAGG( JSON_OBJECT( 'id', cm.id, 'username', u2.username, 'comment', cm.comment, 'created_at', cm.created_at ) ) FROM comments cm JOIN users u2 ON u2.id = cm.user_id WHERE cm.post_type = c.type AND cm.post_id = c.id AND cm.is_deleted = 0 ) AS comments, -- Votes (points) ( SELECT JSON_ARRAYAGG( JSON_OBJECT( 'id', v.id, 'user_id', u3.id, 'username', u3.username, 'vote_type', v.vote_type, 'created_at', v.created_at ) ) FROM votes v JOIN users u3 ON u3.id = v.user_id WHERE v.post_type = c.type AND v.post_id = c.id AND v.is_deleted = 0 ) AS points, -- Total counts for each type (scalar subqueries) (SELECT COUNT(*) FROM quotes WHERE is_deleted = 0) AS quote_count, (SELECT COUNT(*) FROM books WHERE is_deleted = 0) AS book_count, (SELECT COUNT(*) FROM articles WHERE is_deleted = 0) AS article_count, (SELECT COUNT(*) FROM aiprompts WHERE is_deleted = 0) AS aiprompt_count, (SELECT COUNT(*) FROM videos WHERE is_deleted = 0) AS video_count FROM unified_content c LEFT JOIN categories cat ON cat.id = c.category_id LEFT JOIN users u ON u.id = c.user_id ORDER BY RAND() LIMIT 10; \n    ","sqlMessage":"You have an error in your SQL syntax; check the manual that corresponds to your MySQL server version for the right syntax to use near '' at line 1","sqlState":"42000","stack":"Error: You have an error in your SQL syntax; check the manual that corresponds to your MySQL server version for the right syntax to use near '' at line 1\n    at PromisePool.execute (/Users/sathiya/Documents/InspireStackDevelopment/stack_server/node_modules/mysql2/lib/promise/pool.js:54:22)\n    at /Users/sathiya/Documents/InspireStackDevelopment/stack_server/routes/allpost.js:13:30\n    at Layer.handleRequest (/Users/sathiya/Documents/InspireStackDevelopment/stack_server/node_modules/router/lib/layer.js:152:17)\n    at next (/Users/sathiya/Documents/InspireStackDevelopment/stack_server/node_modules/router/lib/route.js:157:13)\n    at authenticateToken (/Users/sathiya/Documents/InspireStackDevelopment/stack_server/middleware/auth.js:14:5)\n    at Layer.handleRequest (/Users/sathiya/Documents/InspireStackDevelopment/stack_server/node_modules/router/lib/layer.js:152:17)\n    at next (/Users/sathiya/Documents/InspireStackDevelopment/stack_server/node_modules/router/lib/route.js:157:13)\n    at Route.dispatch (/Users/sathiya/Documents/InspireStackDevelopment/stack_server/node_modules/router/lib/route.js:117:3)\n    at handle (/Users/sathiya/Documents/InspireStackDevelopment/stack_server/node_modules/router/index.js:435:11)\n    at Layer.handleRequest (/Users/sathiya/Documents/InspireStackDevelopment/stack_server/node_modules/router/lib/layer.js:152:17)","timestamp":"2025-10-18 14:09:06"}
{"level":"info","message":"MySQL connected successfully","service":"inspirelens-api-mysql","timestamp":"2025-10-18 14:11:36"}
{"level":"info","message":"MySQL schema initialized successfully","service":"inspirelens-api-mysql","timestamp":"2025-10-18 14:11:36"}
{"level":"info","message":"✅ Server running on port 8080","service":"inspirelens-api-mysql","timestamp":"2025-10-18 14:11:36"}
{"level":"info","message":"🌐 Health check: http://localhost:8080/health","service":"inspirelens-api-mysql","timestamp":"2025-10-18 14:11:36"}
{"level":"info","message":"MySQL connected successfully","service":"inspirelens-api-mysql","timestamp":"2025-10-22 09:56:35"}
{"level":"info","message":"MySQL schema initialized successfully","service":"inspirelens-api-mysql","timestamp":"2025-10-22 09:56:35"}
{"level":"info","message":"✅ Server running on port 8080","service":"inspirelens-api-mysql","timestamp":"2025-10-22 09:56:35"}
{"level":"info","message":"🌐 Health check: http://localhost:8080/health","service":"inspirelens-api-mysql","timestamp":"2025-10-22 09:56:35"}
{"level":"info","message":"Google OAuth attempt:","service":"inspirelens-api-mysql","timestamp":"2025-10-22 09:58:37","token":"eyJhbGciOiJSUzI1NiIsImtpZCI6ImZiOWY5MzcxZDU3NTVmM2UzODNhNDBhYjNhMTcyY2Q4YmFjYTUxN2YiLCJ0eXAiOiJKV1QifQ.eyJpc3MiOiJodHRwczovL2FjY291bnRzLmdvb2dsZS5jb20iLCJhenAiOiI5NDI1ODk3NDgyNDUtaHZycGNrb21icGQzYnNua25wNDZmbHRncGlsbmIxNGIuYXBwcy5nb29nbGV1c2VyY29udGVudC5jb20iLCJhdWQiOiI5NDI1ODk3NDgyNDUtaHZycGNrb21icGQzYnNua25wNDZmbHRncGlsbmIxNGIuYXBwcy5nb29nbGV1c2VyY29udGVudC5jb20iLCJzdWIiOiIxMTgxMTQ4NTEzMzE2Mjc1NDMzMTYiLCJlbWFpbCI6InNoYW1za2F2aTAzQGdtYWlsLmNvbSIsImVtYWlsX3ZlcmlmaWVkIjp0cnVlLCJuYmYiOjE3NjExMDcwMTYsIm5hbWUiOiJTaGFtIFNlbnRoaWxrdW1hciIsInBpY3R1cmUiOiJodHRwczovL2xoMy5nb29nbGV1c2VyY29udGVudC5jb20vYS9BQ2c4b2NJelFudDdMSHpQSHFVWmFicXR5TFBocWU3RE1DSXdxdUdtSUdVX3RRWHlKaHdsbndJSz1zOTYtYyIsImdpdmVuX25hbWUiOiJTaGFtIiwiZmFtaWx5X25hbWUiOiJTZW50aGlsa3VtYXIiLCJpYXQiOjE3NjExMDczMTYsImV4cCI6MTc2MTExMDkxNiwianRpIjoiZTYzN2RmMGIxYjQyYmM2YmRhODNkODk0Y2E1MjY0NzQ5NGQ4ZWM1ZCJ9.ZIrkiP-s013ZzxJ2lniuzgTZOnQ60ygl63XCDzYrwYkBhL5fVSfTffx09giW5Z-eR8hSSYcPnc0tOQYVO9pfjw1SzWLBjvm258R3Zn1Mfsq4k6Xpo0Sge6zsBBmforUJ7sraJKrpRmsyAzUDUfDzpkxS90ga_mA8GtinPzbTvMEF6Vxe2ixQTvkzQJj4WA0nGnUAd8EUnWbIu8EQB4wkDgmEYR09Ub-3hqbK2gUKSaQs9IXZHlAKmd5l6q91pTjyMxS03j6_IW5eKEPgdEIKfkjYEnKWOPc8y16OXbf-Qotjx8GkPJ0xOD1CTIjUbJadBYrjl6xiBiG2oE2FZUJHUg"}
{"level":"info","message":"MySQL connected successfully","service":"inspirelens-api-mysql","timestamp":"2025-10-22 10:00:35"}
{"level":"info","message":"MySQL schema initialized successfully","service":"inspirelens-api-mysql","timestamp":"2025-10-22 10:00:35"}
{"level":"info","message":"✅ Server running on port 8080","service":"inspirelens-api-mysql","timestamp":"2025-10-22 10:00:35"}
{"level":"info","message":"🌐 Health check: http://localhost:8080/health","service":"inspirelens-api-mysql","timestamp":"2025-10-22 10:00:35"}
{"level":"info","message":"MySQL connected successfully","service":"inspirelens-api-mysql","timestamp":"2025-10-22 10:05:27"}
{"level":"info","message":"MySQL schema initialized successfully","service":"inspirelens-api-mysql","timestamp":"2025-10-22 10:05:27"}
{"level":"info","message":"✅ Server running on port 8080","service":"inspirelens-api-mysql","timestamp":"2025-10-22 10:05:27"}
{"level":"info","message":"🌐 Health check: http://localhost:8080/health","service":"inspirelens-api-mysql","timestamp":"2025-10-22 10:05:27"}
{"level":"info","message":"MySQL connected successfully","service":"inspirelens-api-mysql","timestamp":"2025-10-22 10:10:05"}
{"level":"info","message":"MySQL schema initialized successfully","service":"inspirelens-api-mysql","timestamp":"2025-10-22 10:10:05"}
{"level":"info","message":"✅ Server running on port 8080","service":"inspirelens-api-mysql","timestamp":"2025-10-22 10:10:05"}
{"level":"info","message":"🌐 Health check: http://localhost:8080/health","service":"inspirelens-api-mysql","timestamp":"2025-10-22 10:10:05"}
{"level":"warn","message":"404 - Route not found: GET /","service":"inspirelens-api-mysql","timestamp":"2025-10-22 10:11:13"}
{"level":"warn","message":"404 - Route not found: GET /","service":"inspirelens-api-mysql","timestamp":"2025-10-22 10:11:22"}
{"level":"info","message":"MySQL connected successfully","service":"inspirelens-api-mysql","timestamp":"2025-10-22 12:16:35"}
{"level":"info","message":"MySQL schema initialized successfully","service":"inspirelens-api-mysql","timestamp":"2025-10-22 12:16:35"}
{"level":"info","message":"✅ Server running on port 8080","service":"inspirelens-api-mysql","timestamp":"2025-10-22 12:16:35"}
{"level":"info","message":"🌐 Health check: http://localhost:8080/health","service":"inspirelens-api-mysql","timestamp":"2025-10-22 12:16:35"}
{"level":"warn","message":"404 - Route not found: GET /","service":"inspirelens-api-mysql","timestamp":"2025-10-22 12:16:56"}
{"level":"warn","message":"404 - Route not found: GET /sw.js","service":"inspirelens-api-mysql","timestamp":"2025-10-22 12:21:17"}
{"level":"warn","message":"404 - Route not found: GET /","service":"inspirelens-api-mysql","timestamp":"2025-10-22 13:45:07"}
{"level":"warn","message":"404 - Route not found: GET /","service":"inspirelens-api-mysql","timestamp":"2025-10-22 13:55:20"}
{"level":"warn","message":"404 - Route not found: GET /content?category=2&type=undefined&page=1&limit=10","service":"inspirelens-api-mysql","timestamp":"2025-10-22 15:42:26"}
{"level":"warn","message":"404 - Route not found: GET /content?category=undefined&type=undefined&page=1&limit=10","service":"inspirelens-api-mysql","timestamp":"2025-10-22 15:43:20"}
{"level":"warn","message":"404 - Route not found: GET /","service":"inspirelens-api-mysql","timestamp":"2025-10-22 16:36:20"}
{"level":"info","message":"MySQL connected successfully","service":"inspirelens-api-mysql","timestamp":"2025-10-22 17:29:01"}
{"level":"info","message":"MySQL schema initialized successfully","service":"inspirelens-api-mysql","timestamp":"2025-10-22 17:29:01"}
{"level":"info","message":"✅ Server running on port 8080","service":"inspirelens-api-mysql","timestamp":"2025-10-22 17:29:01"}
{"level":"info","message":"🌐 Health check: http://localhost:8080/health","service":"inspirelens-api-mysql","timestamp":"2025-10-22 17:29:01"}
{"level":"warn","message":"404 - Route not found: GET /","service":"inspirelens-api-mysql","timestamp":"2025-10-22 18:06:31"}
